TumainiFund/platforms/tempPlugin/kinvey_nativescript_sdk/build/outputs/logs/manifest-merger-release-report.txt
-- Merging decision tree log ---
manifest
ADDED from src/main/AndroidManifest.xml:2:1-4:12
INJECTED from src/main/AndroidManifest.xml:2:1-4:12
INJECTED from src/main/AndroidManifest.xml:2:1-4:12
INJECTED from src/main/AndroidManifest.xml:2:1-4:12
INJECTED from src/main/AndroidManifest.xml:2:1-4:12
INJECTED from src/main/AndroidManifest.xml:2:1-4:12
INJECTED from src/main/AndroidManifest.xml:2:1-4:12
	package
		ADDED from src/main/AndroidManifest.xml:2:70-120
		INJECTED from src/main/AndroidManifest.xml
		INJECTED from src/main/AndroidManifest.xml
	android:versionName
		INJECTED from src/main/AndroidManifest.xml
		ADDED from src/main/AndroidManifest.xml:2:1-4:12
		INJECTED from src/main/AndroidManifest.xml
	android:versionCode
		INJECTED from src/main/AndroidManifest.xml
		ADDED from src/main/AndroidManifest.xml:2:1-4:12
		INJECTED from src/main/AndroidManifest.xml
	xmlns:android
		ADDED from src/main/AndroidManifest.xml:2:11-69
uses-permission#android.permission.ACCESS_NETWORK_STATE
ADDED from src/main/AndroidManifest.xml:3:3-76
	android:name
		ADDED from src/main/AndroidManifest.xml:3:20-74
uses-sdk
INJECTED from src/main/AndroidManifest.xml reason: use-sdk injection requested
INJECTED from src/main/AndroidManifest.xml
INJECTED from src/main/AndroidManifest.xml
	android:targetSdkVersion
		INJECTED from src/main/AndroidManifest.xml
		ADDED from src/main/AndroidManifest.xml
		INJECTED from src/main/AndroidManifest.xml